<?xml version="1.0" encoding="utf-8"?>
<shfbBuild product="Sandcastle Help File Builder and Tools" version="2019.9.15.0" projectFile="C:\Jenkins\Build\workspace\Unvired_Kernel_4.0_Windows10\Sandcastle\Unvired_Kernel_UWP_Document.shfbproj" started="10/26/2019 1:50:08 PM">
<buildStep step="Initializing">
Finding tools...
The Sandcastle tools are located in &#39;C:\Program Files (x86)\EWSoftware\Sandcastle Help File Builder\&#39;
Locating components in the following folder(s):
    C:\Jenkins\Build\workspace\Unvired_Kernel_4.0_Windows10\Sandcastle
    C:\ProgramData\EWSoftware\Sandcastle Help File Builder\Components and Plug-Ins\
    C:\Program Files (x86)\EWSoftware\Sandcastle Help File Builder\
Using framework reflection data for &#39;.NET for Universal Windows&#39; located in &#39;C:\Program Files (x86)\EWSoftware\Sandcastle Help File Builder\Data\UniversalWindows&#39;
Using presentation style &#39;VS2013&#39; located in &#39;C:\Program Files (x86)\EWSoftware\Sandcastle Help File Builder\PresentationStyles\VS2013&#39;
Loading and initializing plug-ins...
Assembly Binding Redirection Version 2019.9.15.0
Copyright &#169; 2006-2019, Eric Woodruff, All Rights Reserved
Lightweight Website Style Version 2019.9.15.0
Copyright &#169; 2006-2019, Eric Woodruff, All Rights Reserved
Portions Copyright &#169; 2014, Sam Harwell, All Rights Reserved
-------------------------------
Clearing any prior web/markdown output...
</buildStep>
<buildStep step="ValidatingDocumentationSources">
Validating and copying documentation source information
Source: C:\Jenkins\Build\workspace\Unvired_Kernel_4.0_Windows10\Unvired.Kernel.UWP\bin\x64\Release\Unvired.Kernel.UWP.dll
    Found assembly &#39;C:\Jenkins\Build\workspace\Unvired_Kernel_4.0_Windows10\Unvired.Kernel.UWP\bin\x64\Release\Unvired.Kernel.UWP.dll&#39;
Source: C:\Jenkins\Build\workspace\Unvired_Kernel_4.0_Windows10\Unvired.Common.WinRT\bin\x64\Release\Unvired.Common.WinRT.Interface.winmd
    Found assembly &#39;C:\Jenkins\Build\workspace\Unvired_Kernel_4.0_Windows10\Unvired.Common.WinRT\bin\x64\Release\Unvired.Common.WinRT.Interface.winmd&#39;
Source: C:\Jenkins\Build\workspace\Unvired_Kernel_4.0_Windows10\Unvired.Kernel.UWP\bin\SandCastle\Unvired.Kernel.UWP.xml

References to include:
    netstandard
    Newtonsoft.Json
    NLog

Copying XML comments files
    C:\Jenkins\Build\workspace\Unvired_Kernel_4.0_Windows10\Unvired.Kernel.UWP\bin\SandCastle\Unvired.Kernel.UWP.XML -&gt; C:\Jenkins\Build\workspace\Unvired_Kernel_4.0_Windows10\Sandcastle\Help\Working\Unvired.Kernel.UWP.XML
</buildStep>
<buildStep step="GenerateSharedContent">
Generating shared content files (en-US, English (United States))...
<plugIn name="Lightweight Website Style" behavior="After" priority="1000">
</plugIn>    Last step completed in 00:00:00.0180
</buildStep>
<buildStep step="GenerateApiFilter">
Generating API filter for MRefBuilder...
    Last step completed in 00:00:00.0079
</buildStep>
<buildStep step="GenerateReflectionInfo">
Generating reflection information...
<plugIn name="Assembly Binding Redirection" behavior="Before" priority="1000">
Adding ignored assembly names to assembly resolver configuration:
    BusinessObjects.Licensing.KeycodeDecoder
    Microsoft.VisualStudio.TestTools.UITest.Playback
    Newtonsoft.Json
</plugIn>[C:\Program Files (x86)\Microsoft Visual Studio\2019\Community\MSBuild\Current\Bin\MSBuild.exe - GenerateRefInfo.proj]
Build started 10/26/2019 1:50:12 PM.
Project &quot;C:\Jenkins\Build\workspace\Unvired_Kernel_4.0_Windows10\Sandcastle\Help\Working\GenerateRefInfo.proj&quot; on node 1 (default targets).
PrepareForBuild:
  Creating directory &quot;obj\Debug\&quot;.
GenerateRefInfo:
  MRefBuilder (v2019.9.15.0)
  Copyright c 2006-2019, Microsoft Corporation, All Rights Reserved.
  Portions Copyright c 2006-2019, Eric Woodruff, All Rights Reserved.
  No source code context base path specified.  Source context information is unavailable.
  Loaded 2 assemblies for reflection and 2 dependency assemblies.
  Using framework redirect &#39;System.ObjectModel, Version=4.0.10.0, Culture=neutral, PublicKeyToken=b03f5f7f11d50a3a&#39; in place of &#39;System.ObjectModel, Version=4.1.1.0, Culture=neutral, PublicKeyToken=b03f5f7f11d50a3a&#39;
  Using framework redirect &#39;Windows.Foundation.UniversalApiContract, Version=3.0.0.0, Culture=neutral, PublicKeyToken=null&#39; in place of &#39;Windows.Foundation.UniversalApiContract, Version=6.0.0.0, Culture=neutral, PublicKeyToken=null&#39;
  Using framework redirect &#39;System.Threading.Tasks, Version=4.0.10.0, Culture=neutral, PublicKeyToken=b03f5f7f11d50a3a&#39; in place of &#39;System.Threading.Tasks, Version=4.1.1.0, Culture=neutral, PublicKeyToken=b03f5f7f11d50a3a&#39;
  Using framework redirect &#39;System.Collections, Version=4.0.10.0, Culture=neutral, PublicKeyToken=b03f5f7f11d50a3a&#39; in place of &#39;System.Collections, Version=4.1.1.0, Culture=neutral, PublicKeyToken=b03f5f7f11d50a3a&#39;
  Using framework redirect &#39;System.Xml.XDocument, Version=4.0.10.0, Culture=neutral, PublicKeyToken=b03f5f7f11d50a3a&#39; in place of &#39;System.Xml.XDocument, Version=4.1.1.0, Culture=neutral, PublicKeyToken=b03f5f7f11d50a3a&#39;
  Using framework redirect &#39;Windows.Foundation.FoundationContract, Version=2.0.0.0, Culture=neutral, PublicKeyToken=null&#39; in place of &#39;Windows.Foundation.FoundationContract, Version=3.0.0.0, Culture=neutral, PublicKeyToken=null&#39;
  Using framework redirect &#39;System.Diagnostics.Tools, Version=4.0.0.0, Culture=neutral, PublicKeyToken=b03f5f7f11d50a3a&#39; in place of &#39;System.Diagnostics.Tools, Version=4.1.1.0, Culture=neutral, PublicKeyToken=b03f5f7f11d50a3a&#39;
  Using framework redirect &#39;System.Runtime.Extensions, Version=4.0.10.0, Culture=neutral, PublicKeyToken=b03f5f7f11d50a3a&#39; in place of &#39;System.Runtime.Extensions, Version=4.2.1.0, Culture=neutral, PublicKeyToken=b03f5f7f11d50a3a&#39;
  Using framework redirect &#39;System.Linq.Expressions, Version=4.0.10.0, Culture=neutral, PublicKeyToken=b03f5f7f11d50a3a&#39; in place of &#39;System.Linq.Expressions, Version=4.2.1.0, Culture=neutral, PublicKeyToken=b03f5f7f11d50a3a&#39;
  Using framework redirect &#39;System.IO.Compression, Version=4.0.0.0, Culture=neutral, PublicKeyToken=b77a5c561934e089&#39; in place of &#39;System.IO.Compression, Version=4.2.1.0, Culture=neutral, PublicKeyToken=b77a5c561934e089&#39;
  Using framework redirect &#39;System.Runtime.WindowsRuntime, Version=4.0.10.0, Culture=neutral, PublicKeyToken=b77a5c561934e089&#39; in place of &#39;System.Runtime.WindowsRuntime, Version=4.0.14.0, Culture=neutral, PublicKeyToken=b77a5c561934e089&#39;
  Using framework redirect &#39;System.Diagnostics.Debug, Version=4.0.10.0, Culture=neutral, PublicKeyToken=b03f5f7f11d50a3a&#39; in place of &#39;System.Diagnostics.Debug, Version=4.1.1.0, Culture=neutral, PublicKeyToken=b03f5f7f11d50a3a&#39;
  Wrote information on 22 namespaces, 123 types, and 1103 members
  Copying file from &quot;C:\Jenkins\Build\workspace\Unvired_Kernel_4.0_Windows10\Sandcastle\Help\Working\reflection.org&quot; to &quot;C:\Jenkins\Build\workspace\Unvired_Kernel_4.0_Windows10\Sandcastle\Help\Working\reflection.all&quot;.
  XslTransform (v2019.9.15.0)
  Copyright c 2006-2019, Microsoft Corporation, All Rights Reserved.
  Portions Copyright c 2006-2019, Eric Woodruff, All Rights Reserved.
  Applying XSL transformation &#39;C:\Program Files (x86)\EWSoftware\Sandcastle Help File Builder\ProductionTransforms\MergeDuplicates.xsl&#39;.
Done Building Project &quot;C:\Jenkins\Build\workspace\Unvired_Kernel_4.0_Windows10\Sandcastle\Help\Working\GenerateRefInfo.proj&quot; (default targets).
    Last step completed in 00:00:09.1124
</buildStep>
<buildStep step="TransformReflectionInfo">
Transforming reflection output...
[C:\Program Files (x86)\Microsoft Visual Studio\2019\Community\MSBuild\Current\Bin\MSBuild.exe - TransformManifest.proj]
Build started 10/26/2019 1:50:21 PM.
Project &quot;C:\Jenkins\Build\workspace\Unvired_Kernel_4.0_Windows10\Sandcastle\Help\Working\TransformManifest.proj&quot; on node 1 (default targets).
TransformManifest:
  XslTransform (v2019.9.15.0)
  Copyright c 2006-2019, Microsoft Corporation, All Rights Reserved.
  Portions Copyright c 2006-2019, Eric Woodruff, All Rights Reserved.
  Applying XSL transformation &#39;C:\Program Files (x86)\EWSoftware\Sandcastle Help File Builder\\ProductionTransforms\ApplyVSDocModel.xsl&#39;.
  Copying file from &quot;C:\Jenkins\Build\workspace\Unvired_Kernel_4.0_Windows10\Sandcastle\Help\Working\reflection.xml&quot; to &quot;C:\Jenkins\Build\workspace\Unvired_Kernel_4.0_Windows10\Sandcastle\Help\Working\reflection.nofilenames&quot;.
  XslTransform (v2019.9.15.0)
  Copyright c 2006-2019, Microsoft Corporation, All Rights Reserved.
  Portions Copyright c 2006-2019, Eric Woodruff, All Rights Reserved.
  Applying XSL transformation &#39;C:\Program Files (x86)\EWSoftware\Sandcastle Help File Builder\ProductionTransforms\AddFilenames.xsl&#39;.
  XslTransform (v2019.9.15.0)
  Copyright c 2006-2019, Microsoft Corporation, All Rights Reserved.
  Portions Copyright c 2006-2019, Eric Woodruff, All Rights Reserved.
  Applying XSL transformation &#39;C:\Program Files (x86)\EWSoftware\Sandcastle Help File Builder\ProductionTransforms\ReflectionToManifest.xsl&#39;.
Done Building Project &quot;C:\Jenkins\Build\workspace\Unvired_Kernel_4.0_Windows10\Sandcastle\Help\Working\TransformManifest.proj&quot; (default targets).
    Last step completed in 00:00:02.8108
</buildStep>
<buildStep step="GenerateNamespaceSummaries">
Generating namespace summary information...
    Last step completed in 00:00:00.2560
</buildStep>
<buildStep step="GenerateInheritedDocumentation">
Generating inherited documentation...
[C:\Program Files (x86)\Microsoft Visual Studio\2019\Community\MSBuild\Current\Bin\MSBuild.exe - GenerateInheritedDocs.proj]
Sandcastle Help File Builder and Tools, version 2019.9.15.0
Copyright c 2006-2019, Eric Woodruff, All Rights Reserved
E-Mail: Eric@EWoodruff.us

Reflection information will be retrieved from &#39;reflection.xml&#39;
Inherited documentation will be written to &#39;_InheritedDocs_.xml&#39;
Indexing C:\Program Files (x86)\Windows Kits\8.1\References\CommonConfiguration\Neutral\*.xml
Indexing C:\Jenkins\Build\workspace\Unvired_Kernel_4.0_Windows10\Sandcastle\Help\Working\NLog.xml
Indexing C:\Jenkins\Build\workspace\Unvired_Kernel_4.0_Windows10\Sandcastle\Help\Working\Newtonsoft.Json.xml
Indexing C:\Jenkins\Build\workspace\Unvired_Kernel_4.0_Windows10\Sandcastle\Help\Working\Unvired.Kernel.UWP.XML
Indexed 25265 members in 4 file(s).  3 file(s) to scan for &lt;inheritdoc /&gt; tags.
Merging inherited documentation...


Documentation merged successfully
    Last step completed in 00:00:01.1299
</buildStep>
<buildStep step="CopyAdditionalContent">
Copying additional content files...
No additional content to copy
    Last step completed in 00:00:00.0040
</buildStep>
<buildStep step="MergeTablesOfContents">
Merging conceptual and additional tables of contents...
    Last step completed in 00:00:00.0010
</buildStep>
<buildStep step="GenerateIntermediateTableOfContents">
Generating intermediate table of contents file...
[C:\Program Files (x86)\Microsoft Visual Studio\2019\Community\MSBuild\Current\Bin\MSBuild.exe - GenerateIntermediateTOC.proj]
Build started 10/26/2019 1:50:25 PM.
Project &quot;C:\Jenkins\Build\workspace\Unvired_Kernel_4.0_Windows10\Sandcastle\Help\Working\GenerateIntermediateTOC.proj&quot; on node 1 (default targets).
GenerateIntermediateTOC:
  XslTransform (v2019.9.15.0)
  Copyright c 2006-2019, Microsoft Corporation, All Rights Reserved.
  Portions Copyright c 2006-2019, Eric Woodruff, All Rights Reserved.
  Applying XSL transformation &#39;C:\Program Files (x86)\EWSoftware\Sandcastle Help File Builder\\ProductionTransforms\CreateVSToc.xsl&#39;.
Done Building Project &quot;C:\Jenkins\Build\workspace\Unvired_Kernel_4.0_Windows10\Sandcastle\Help\Working\GenerateIntermediateTOC.proj&quot; (default targets).
Generating conceptual content intermediate TOC file...
    Last step completed in 00:00:00.6149
</buildStep>
<buildStep step="CreateBuildAssemblerConfigs">
Creating Sandcastle configuration files...
    sandcastle.config
    Last step completed in 00:00:00.2770
</buildStep>
<buildStep step="MergeCustomConfigs">
Merging custom build component configurations
C:\Jenkins\Build\workspace\Unvired_Kernel_4.0_Windows10\Sandcastle\Help\Working\sandcastle.config
  Updating reference topic configurations.
  No conceptual content.  Removing conceptual content components.
    Last step completed in 00:00:00.0110
</buildStep>
<buildStep step="BuildTopics">
Building help topics...
[C:\Program Files (x86)\Microsoft Visual Studio\2019\Community\MSBuild\Current\Bin\MSBuild.exe - BuildTopics.proj]
Build started 10/26/2019 1:50:26 PM.
Project &quot;C:\Jenkins\Build\workspace\Unvired_Kernel_4.0_Windows10\Sandcastle\Help\Working\BuildTopics.proj&quot; on node 1 (default targets).
BuildTopics:
  BuildAssembler (v2019.9.15.0)
  Copyright c 2006-2019, Microsoft Corporation, All Rights Reserved.
  Portions Copyright c 2006-2019, Eric Woodruff, All Rights Reserved.
  Loading configuration...
  Processing topics...
BuildAssembler : warning : ResolveReferenceLinksComponent: [M:Unvired.Kernel.SQLite.SQLiteConnection.InsertAll(System.Collections.IEnumerable)] Unknown reference link target &#39;!:IEnumerable&#39;. [C:\Jenkins\Build\workspace\Unvired_Kernel_4.0_Windows10\Sandcastle\Help\Working\BuildTopics.proj]
BuildAssembler : warning : ResolveReferenceLinksComponent: [M:Unvired.Kernel.SQLite.SQLiteConnection.InsertAll(System.Collections.IEnumerable)] Invalid reference link target &#39;!:IEnumerable&#39;. [C:\Jenkins\Build\workspace\Unvired_Kernel_4.0_Windows10\Sandcastle\Help\Working\BuildTopics.proj]
BuildAssembler : warning : ResolveReferenceLinksComponent: [M:Unvired.Kernel.SQLite.SQLiteConnection.InsertAll(System.Collections.IEnumerable,System.String)] Unknown reference link target &#39;!:IEnumerable&#39;. [C:\Jenkins\Build\workspace\Unvired_Kernel_4.0_Windows10\Sandcastle\Help\Working\BuildTopics.proj]
BuildAssembler : warning : ResolveReferenceLinksComponent: [M:Unvired.Kernel.SQLite.SQLiteConnection.InsertAll(System.Collections.IEnumerable,System.String)] Invalid reference link target &#39;!:IEnumerable&#39;. [C:\Jenkins\Build\workspace\Unvired_Kernel_4.0_Windows10\Sandcastle\Help\Working\BuildTopics.proj]
BuildAssembler : warning : ResolveReferenceLinksComponent: [M:Unvired.Kernel.SQLite.SQLiteConnection.InsertAll(System.Collections.IEnumerable,System.Type)] Unknown reference link target &#39;!:IEnumerable&#39;. [C:\Jenkins\Build\workspace\Unvired_Kernel_4.0_Windows10\Sandcastle\Help\Working\BuildTopics.proj]
BuildAssembler : warning : ResolveReferenceLinksComponent: [M:Unvired.Kernel.SQLite.SQLiteConnection.InsertAll(System.Collections.IEnumerable,System.Type)] Invalid reference link target &#39;!:IEnumerable&#39;. [C:\Jenkins\Build\workspace\Unvired_Kernel_4.0_Windows10\Sandcastle\Help\Working\BuildTopics.proj]
BuildAssembler : warning : ResolveReferenceLinksComponent: [M:Unvired.Kernel.SQLite.SQLiteConnection.UpdateAll(System.Collections.IEnumerable)] Unknown reference link target &#39;!:IEnumerable&#39;. [C:\Jenkins\Build\workspace\Unvired_Kernel_4.0_Windows10\Sandcastle\Help\Working\BuildTopics.proj]
BuildAssembler : warning : ResolveReferenceLinksComponent: [M:Unvired.Kernel.SQLite.SQLiteConnection.UpdateAll(System.Collections.IEnumerable)] Invalid reference link target &#39;!:IEnumerable&#39;. [C:\Jenkins\Build\workspace\Unvired_Kernel_4.0_Windows10\Sandcastle\Help\Working\BuildTopics.proj]
BuildAssembler : warning : ResolveReferenceLinksComponent: [M:Unvired.Kernel.Utils.DataStructureHelper.CreateDataStructureFromBeJObject(Newtonsoft.Json.Linq.JObject)] Unknown reference link target &#39;T:Newtonsoft.Json.Linq.JObject&#39;. [C:\Jenkins\Build\workspace\Unvired_Kernel_4.0_Windows10\Sandcastle\Help\Working\BuildTopics.proj]
BuildAssembler : warning : ResolveReferenceLinksComponent: [M:Unvired.Kernel.Utils.DataStructureHelper.CreateDataStructureFromFieldsJObject(Newtonsoft.Json.Linq.JObject,System.String)] Unknown reference link target &#39;T:Newtonsoft.Json.Linq.JObject&#39;. [C:\Jenkins\Build\workspace\Unvired_Kernel_4.0_Windows10\Sandcastle\Help\Working\BuildTopics.proj]
BuildAssembler : warning : ResolveReferenceLinksComponent: [M:Unvired.Kernel.Utils.DataStructureHelper.GetDataStructureJArrayFromDataNotificationList(System.Collections.Generic.List{Unvired.Kernel.UWP.Sync.DataNotification})] Unknown reference link target &#39;T:Newtonsoft.Json.Linq.JArray&#39;. [C:\Jenkins\Build\workspace\Unvired_Kernel_4.0_Windows10\Sandcastle\Help\Working\BuildTopics.proj]
BuildAssembler : warning : ResolveReferenceLinksComponent: [M:Unvired.Kernel.Utils.DataStructureHelper.GetDataStructureJObjectFromOutObject(Unvired.Kernel.UWP.Model.OutObject)] Unknown reference link target &#39;T:Newtonsoft.Json.Linq.JArray&#39;. [C:\Jenkins\Build\workspace\Unvired_Kernel_4.0_Windows10\Sandcastle\Help\Working\BuildTopics.proj]
BuildAssembler : warning : ResolveReferenceLinksComponent: [M:Unvired.Kernel.Utils.DataStructureHelper.GetFieldDictionaryFromJson(Newtonsoft.Json.Linq.JObject)] Unknown reference link target &#39;T:Newtonsoft.Json.Linq.JObject&#39;. [C:\Jenkins\Build\workspace\Unvired_Kernel_4.0_Windows10\Sandcastle\Help\Working\BuildTopics.proj]
BuildAssembler : warning : ResolveReferenceLinksComponent: [M:Unvired.Kernel.Utils.DataStructureHelper.GetInfoMessageString(System.Collections.Generic.List{Unvired.Kernel.UWP.Model.InfoMessage})] Unknown reference link target &#39;T:Newtonsoft.Json.Linq.JArray&#39;. [C:\Jenkins\Build\workspace\Unvired_Kernel_4.0_Windows10\Sandcastle\Help\Working\BuildTopics.proj]
BuildAssembler : warning : ResolveReferenceLinksComponent: [M:Unvired.Kernel.Utils.DataStructureHelper.GetJObjectFromDataStructure(Unvired.Kernel.UWP.Model.DataStructure)] Unknown reference link target &#39;T:Newtonsoft.Json.Linq.JObject&#39;. [C:\Jenkins\Build\workspace\Unvired_Kernel_4.0_Windows10\Sandcastle\Help\Working\BuildTopics.proj]
BuildAssembler : warning : ResolveReferenceLinksComponent: [M:Unvired.Kernel.Utils.DataStructureHelper.GetJObjectFromDataStructureProperties(Unvired.Kernel.UWP.Model.DataStructure,System.Boolean)] Unknown reference link target &#39;T:Newtonsoft.Json.Linq.JObject&#39;. [C:\Jenkins\Build\workspace\Unvired_Kernel_4.0_Windows10\Sandcastle\Help\Working\BuildTopics.proj]
BuildAssembler : warning : ResolveReferenceLinksComponent: [M:Unvired.Kernel.UWP.Database.DataManagerImpl.CordovaInsert(System.String,Newtonsoft.Json.Linq.JObject)] Unknown reference link target &#39;T:Newtonsoft.Json.Linq.JObject&#39;. [C:\Jenkins\Build\workspace\Unvired_Kernel_4.0_Windows10\Sandcastle\Help\Working\BuildTopics.proj]
BuildAssembler : warning : ResolveReferenceLinksComponent: [M:Unvired.Kernel.UWP.Database.DataManagerImpl.CordovaSelectJson(System.String,System.String)] Unknown reference link target &#39;T:Newtonsoft.Json.Linq.JArray&#39;. [C:\Jenkins\Build\workspace\Unvired_Kernel_4.0_Windows10\Sandcastle\Help\Working\BuildTopics.proj]
  Processed 1376 topic(s)
  18 warning(s)
  CopyFromIndexComponent: &quot;reflection&quot; in-memory cache entries used: 15 of 15.
  CopyFromIndexComponent: &quot;comments&quot; in-memory cache entries used: 2 of 30.
Done Building Project &quot;C:\Jenkins\Build\workspace\Unvired_Kernel_4.0_Windows10\Sandcastle\Help\Working\BuildTopics.proj&quot; (default targets).
    Last step completed in 00:00:23.2905
</buildStep>
<buildStep step="CombiningIntermediateTocFiles">
Combining conceptual and API intermediate TOC files...
    Last step completed in 00:00:00.2950
</buildStep>
<buildStep step="ExtractingHtmlInfo">
Extracting HTML info for HTML Help 1 and/or website...
[C:\Program Files (x86)\Microsoft Visual Studio\2019\Community\MSBuild\Current\Bin\MSBuild.exe - ExtractHtmlInfo.proj]
Sandcastle Help File Builder and Tools, version 2019.9.15.0
Copyright c 2006-2019, Eric Woodruff, All Rights Reserved
E-Mail: Eric@EWoodruff.us

Using LCID &#39;1033&#39;, code page &#39;65001&#39;, encoding charset &#39;UTF-8&#39;.

Processing website files in C:\Jenkins\Build\workspace\Unvired_Kernel_4.0_Windows10\Sandcastle\Help\Working\Output\Website
Processed 1376 HTML files
Sorting keywords and generating See Also indices
Saving website keyword index to C:\Jenkins\Build\workspace\Unvired_Kernel_4.0_Windows10\Sandcastle\Help\Working\WebKI.xml
Saving website table of contents to C:\Jenkins\Build\workspace\Unvired_Kernel_4.0_Windows10\Sandcastle\Help\Working\WebTOC.xml
    Last step completed in 00:00:04.6797
</buildStep>
<buildStep step="CopyStandardHelpContent">
Copying standard help content...
C:\Program Files (x86)\EWSoftware\Sandcastle Help File Builder\PresentationStyles\VS2013\icons\AlertCaution.png -&gt; C:\Jenkins\Build\workspace\Unvired_Kernel_4.0_Windows10\Sandcastle\Help\Working\Output\Website\icons\AlertCaution.png
C:\Program Files (x86)\EWSoftware\Sandcastle Help File Builder\PresentationStyles\VS2013\icons\AlertNote.png -&gt; C:\Jenkins\Build\workspace\Unvired_Kernel_4.0_Windows10\Sandcastle\Help\Working\Output\Website\icons\AlertNote.png
C:\Program Files (x86)\EWSoftware\Sandcastle Help File Builder\PresentationStyles\VS2013\icons\AlertSecurity.png -&gt; C:\Jenkins\Build\workspace\Unvired_Kernel_4.0_Windows10\Sandcastle\Help\Working\Output\Website\icons\AlertSecurity.png
C:\Program Files (x86)\EWSoftware\Sandcastle Help File Builder\PresentationStyles\VS2013\icons\CFW.gif -&gt; C:\Jenkins\Build\workspace\Unvired_Kernel_4.0_Windows10\Sandcastle\Help\Working\Output\Website\icons\CFW.gif
C:\Program Files (x86)\EWSoftware\Sandcastle Help File Builder\PresentationStyles\VS2013\icons\CodeExample.png -&gt; C:\Jenkins\Build\workspace\Unvired_Kernel_4.0_Windows10\Sandcastle\Help\Working\Output\Website\icons\CodeExample.png
C:\Program Files (x86)\EWSoftware\Sandcastle Help File Builder\PresentationStyles\VS2013\icons\favicon.ico -&gt; C:\Jenkins\Build\workspace\Unvired_Kernel_4.0_Windows10\Sandcastle\Help\Working\Output\Website\icons\favicon.ico
C:\Program Files (x86)\EWSoftware\Sandcastle Help File Builder\PresentationStyles\VS2013\icons\privclass.gif -&gt; C:\Jenkins\Build\workspace\Unvired_Kernel_4.0_Windows10\Sandcastle\Help\Working\Output\Website\icons\privclass.gif
C:\Program Files (x86)\EWSoftware\Sandcastle Help File Builder\PresentationStyles\VS2013\icons\privdelegate.gif -&gt; C:\Jenkins\Build\workspace\Unvired_Kernel_4.0_Windows10\Sandcastle\Help\Working\Output\Website\icons\privdelegate.gif
C:\Program Files (x86)\EWSoftware\Sandcastle Help File Builder\PresentationStyles\VS2013\icons\privenumeration.gif -&gt; C:\Jenkins\Build\workspace\Unvired_Kernel_4.0_Windows10\Sandcastle\Help\Working\Output\Website\icons\privenumeration.gif
C:\Program Files (x86)\EWSoftware\Sandcastle Help File Builder\PresentationStyles\VS2013\icons\privevent.gif -&gt; C:\Jenkins\Build\workspace\Unvired_Kernel_4.0_Windows10\Sandcastle\Help\Working\Output\Website\icons\privevent.gif
C:\Program Files (x86)\EWSoftware\Sandcastle Help File Builder\PresentationStyles\VS2013\icons\privextension.gif -&gt; C:\Jenkins\Build\workspace\Unvired_Kernel_4.0_Windows10\Sandcastle\Help\Working\Output\Website\icons\privextension.gif
C:\Program Files (x86)\EWSoftware\Sandcastle Help File Builder\PresentationStyles\VS2013\icons\privfield.gif -&gt; C:\Jenkins\Build\workspace\Unvired_Kernel_4.0_Windows10\Sandcastle\Help\Working\Output\Website\icons\privfield.gif
C:\Program Files (x86)\EWSoftware\Sandcastle Help File Builder\PresentationStyles\VS2013\icons\privinterface.gif -&gt; C:\Jenkins\Build\workspace\Unvired_Kernel_4.0_Windows10\Sandcastle\Help\Working\Output\Website\icons\privinterface.gif
C:\Program Files (x86)\EWSoftware\Sandcastle Help File Builder\PresentationStyles\VS2013\icons\privmethod.gif -&gt; C:\Jenkins\Build\workspace\Unvired_Kernel_4.0_Windows10\Sandcastle\Help\Working\Output\Website\icons\privmethod.gif
C:\Program Files (x86)\EWSoftware\Sandcastle Help File Builder\PresentationStyles\VS2013\icons\privproperty.gif -&gt; C:\Jenkins\Build\workspace\Unvired_Kernel_4.0_Windows10\Sandcastle\Help\Working\Output\Website\icons\privproperty.gif
C:\Program Files (x86)\EWSoftware\Sandcastle Help File Builder\PresentationStyles\VS2013\icons\privstructure.gif -&gt; C:\Jenkins\Build\workspace\Unvired_Kernel_4.0_Windows10\Sandcastle\Help\Working\Output\Website\icons\privstructure.gif
C:\Program Files (x86)\EWSoftware\Sandcastle Help File Builder\PresentationStyles\VS2013\icons\protclass.gif -&gt; C:\Jenkins\Build\workspace\Unvired_Kernel_4.0_Windows10\Sandcastle\Help\Working\Output\Website\icons\protclass.gif
C:\Program Files (x86)\EWSoftware\Sandcastle Help File Builder\PresentationStyles\VS2013\icons\protdelegate.gif -&gt; C:\Jenkins\Build\workspace\Unvired_Kernel_4.0_Windows10\Sandcastle\Help\Working\Output\Website\icons\protdelegate.gif
C:\Program Files (x86)\EWSoftware\Sandcastle Help File Builder\PresentationStyles\VS2013\icons\protenumeration.gif -&gt; C:\Jenkins\Build\workspace\Unvired_Kernel_4.0_Windows10\Sandcastle\Help\Working\Output\Website\icons\protenumeration.gif
C:\Program Files (x86)\EWSoftware\Sandcastle Help File Builder\PresentationStyles\VS2013\icons\protevent.gif -&gt; C:\Jenkins\Build\workspace\Unvired_Kernel_4.0_Windows10\Sandcastle\Help\Working\Output\Website\icons\protevent.gif
C:\Program Files (x86)\EWSoftware\Sandcastle Help File Builder\PresentationStyles\VS2013\icons\protextension.gif -&gt; C:\Jenkins\Build\workspace\Unvired_Kernel_4.0_Windows10\Sandcastle\Help\Working\Output\Website\icons\protextension.gif
C:\Program Files (x86)\EWSoftware\Sandcastle Help File Builder\PresentationStyles\VS2013\icons\protfield.gif -&gt; C:\Jenkins\Build\workspace\Unvired_Kernel_4.0_Windows10\Sandcastle\Help\Working\Output\Website\icons\protfield.gif
C:\Program Files (x86)\EWSoftware\Sandcastle Help File Builder\PresentationStyles\VS2013\icons\protinterface.gif -&gt; C:\Jenkins\Build\workspace\Unvired_Kernel_4.0_Windows10\Sandcastle\Help\Working\Output\Website\icons\protinterface.gif
C:\Program Files (x86)\EWSoftware\Sandcastle Help File Builder\PresentationStyles\VS2013\icons\protmethod.gif -&gt; C:\Jenkins\Build\workspace\Unvired_Kernel_4.0_Windows10\Sandcastle\Help\Working\Output\Website\icons\protmethod.gif
C:\Program Files (x86)\EWSoftware\Sandcastle Help File Builder\PresentationStyles\VS2013\icons\protoperator.gif -&gt; C:\Jenkins\Build\workspace\Unvired_Kernel_4.0_Windows10\Sandcastle\Help\Working\Output\Website\icons\protoperator.gif
C:\Program Files (x86)\EWSoftware\Sandcastle Help File Builder\PresentationStyles\VS2013\icons\protproperty.gif -&gt; C:\Jenkins\Build\workspace\Unvired_Kernel_4.0_Windows10\Sandcastle\Help\Working\Output\Website\icons\protproperty.gif
C:\Program Files (x86)\EWSoftware\Sandcastle Help File Builder\PresentationStyles\VS2013\icons\protstructure.gif -&gt; C:\Jenkins\Build\workspace\Unvired_Kernel_4.0_Windows10\Sandcastle\Help\Working\Output\Website\icons\protstructure.gif
C:\Program Files (x86)\EWSoftware\Sandcastle Help File Builder\PresentationStyles\VS2013\icons\pubclass.gif -&gt; C:\Jenkins\Build\workspace\Unvired_Kernel_4.0_Windows10\Sandcastle\Help\Working\Output\Website\icons\pubclass.gif
C:\Program Files (x86)\EWSoftware\Sandcastle Help File Builder\PresentationStyles\VS2013\icons\pubdelegate.gif -&gt; C:\Jenkins\Build\workspace\Unvired_Kernel_4.0_Windows10\Sandcastle\Help\Working\Output\Website\icons\pubdelegate.gif
C:\Program Files (x86)\EWSoftware\Sandcastle Help File Builder\PresentationStyles\VS2013\icons\pubenumeration.gif -&gt; C:\Jenkins\Build\workspace\Unvired_Kernel_4.0_Windows10\Sandcastle\Help\Working\Output\Website\icons\pubenumeration.gif
C:\Program Files (x86)\EWSoftware\Sandcastle Help File Builder\PresentationStyles\VS2013\icons\pubevent.gif -&gt; C:\Jenkins\Build\workspace\Unvired_Kernel_4.0_Windows10\Sandcastle\Help\Working\Output\Website\icons\pubevent.gif
C:\Program Files (x86)\EWSoftware\Sandcastle Help File Builder\PresentationStyles\VS2013\icons\pubextension.gif -&gt; C:\Jenkins\Build\workspace\Unvired_Kernel_4.0_Windows10\Sandcastle\Help\Working\Output\Website\icons\pubextension.gif
C:\Program Files (x86)\EWSoftware\Sandcastle Help File Builder\PresentationStyles\VS2013\icons\pubfield.gif -&gt; C:\Jenkins\Build\workspace\Unvired_Kernel_4.0_Windows10\Sandcastle\Help\Working\Output\Website\icons\pubfield.gif
C:\Program Files (x86)\EWSoftware\Sandcastle Help File Builder\PresentationStyles\VS2013\icons\pubinterface.gif -&gt; C:\Jenkins\Build\workspace\Unvired_Kernel_4.0_Windows10\Sandcastle\Help\Working\Output\Website\icons\pubinterface.gif
C:\Program Files (x86)\EWSoftware\Sandcastle Help File Builder\PresentationStyles\VS2013\icons\pubmethod.gif -&gt; C:\Jenkins\Build\workspace\Unvired_Kernel_4.0_Windows10\Sandcastle\Help\Working\Output\Website\icons\pubmethod.gif
C:\Program Files (x86)\EWSoftware\Sandcastle Help File Builder\PresentationStyles\VS2013\icons\puboperator.gif -&gt; C:\Jenkins\Build\workspace\Unvired_Kernel_4.0_Windows10\Sandcastle\Help\Working\Output\Website\icons\puboperator.gif
C:\Program Files (x86)\EWSoftware\Sandcastle Help File Builder\PresentationStyles\VS2013\icons\pubproperty.gif -&gt; C:\Jenkins\Build\workspace\Unvired_Kernel_4.0_Windows10\Sandcastle\Help\Working\Output\Website\icons\pubproperty.gif
C:\Program Files (x86)\EWSoftware\Sandcastle Help File Builder\PresentationStyles\VS2013\icons\pubstructure.gif -&gt; C:\Jenkins\Build\workspace\Unvired_Kernel_4.0_Windows10\Sandcastle\Help\Working\Output\Website\icons\pubstructure.gif
C:\Program Files (x86)\EWSoftware\Sandcastle Help File Builder\PresentationStyles\VS2013\icons\SectionCollapsed.png -&gt; C:\Jenkins\Build\workspace\Unvired_Kernel_4.0_Windows10\Sandcastle\Help\Working\Output\Website\icons\SectionCollapsed.png
C:\Program Files (x86)\EWSoftware\Sandcastle Help File Builder\PresentationStyles\VS2013\icons\SectionExpanded.png -&gt; C:\Jenkins\Build\workspace\Unvired_Kernel_4.0_Windows10\Sandcastle\Help\Working\Output\Website\icons\SectionExpanded.png
C:\Program Files (x86)\EWSoftware\Sandcastle Help File Builder\PresentationStyles\VS2013\icons\slMobile.gif -&gt; C:\Jenkins\Build\workspace\Unvired_Kernel_4.0_Windows10\Sandcastle\Help\Working\Output\Website\icons\slMobile.gif
C:\Program Files (x86)\EWSoftware\Sandcastle Help File Builder\PresentationStyles\VS2013\icons\static.gif -&gt; C:\Jenkins\Build\workspace\Unvired_Kernel_4.0_Windows10\Sandcastle\Help\Working\Output\Website\icons\static.gif
C:\Program Files (x86)\EWSoftware\Sandcastle Help File Builder\PresentationStyles\VS2013\icons\xna.gif -&gt; C:\Jenkins\Build\workspace\Unvired_Kernel_4.0_Windows10\Sandcastle\Help\Working\Output\Website\icons\xna.gif
C:\Program Files (x86)\EWSoftware\Sandcastle Help File Builder\PresentationStyles\VS2013\scripts\branding.js -&gt; C:\Jenkins\Build\workspace\Unvired_Kernel_4.0_Windows10\Sandcastle\Help\Working\Output\Website\scripts\branding.js
C:\Program Files (x86)\EWSoftware\Sandcastle Help File Builder\PresentationStyles\VS2013\styles\branding-cs-CZ.css -&gt; C:\Jenkins\Build\workspace\Unvired_Kernel_4.0_Windows10\Sandcastle\Help\Working\Output\Website\styles\branding-cs-CZ.css
C:\Program Files (x86)\EWSoftware\Sandcastle Help File Builder\PresentationStyles\VS2013\styles\branding-de-DE.css -&gt; C:\Jenkins\Build\workspace\Unvired_Kernel_4.0_Windows10\Sandcastle\Help\Working\Output\Website\styles\branding-de-DE.css
C:\Program Files (x86)\EWSoftware\Sandcastle Help File Builder\PresentationStyles\VS2013\styles\branding-en-US.css -&gt; C:\Jenkins\Build\workspace\Unvired_Kernel_4.0_Windows10\Sandcastle\Help\Working\Output\Website\styles\branding-en-US.css
C:\Program Files (x86)\EWSoftware\Sandcastle Help File Builder\PresentationStyles\VS2013\styles\branding-es-ES.css -&gt; C:\Jenkins\Build\workspace\Unvired_Kernel_4.0_Windows10\Sandcastle\Help\Working\Output\Website\styles\branding-es-ES.css
C:\Program Files (x86)\EWSoftware\Sandcastle Help File Builder\PresentationStyles\VS2013\styles\branding-fr-FR.css -&gt; C:\Jenkins\Build\workspace\Unvired_Kernel_4.0_Windows10\Sandcastle\Help\Working\Output\Website\styles\branding-fr-FR.css
C:\Program Files (x86)\EWSoftware\Sandcastle Help File Builder\PresentationStyles\VS2013\styles\branding-Help1.css -&gt; C:\Jenkins\Build\workspace\Unvired_Kernel_4.0_Windows10\Sandcastle\Help\Working\Output\Website\styles\branding-Help1.css
C:\Program Files (x86)\EWSoftware\Sandcastle Help File Builder\PresentationStyles\VS2013\styles\branding-HelpViewer.css -&gt; C:\Jenkins\Build\workspace\Unvired_Kernel_4.0_Windows10\Sandcastle\Help\Working\Output\Website\styles\branding-HelpViewer.css
C:\Program Files (x86)\EWSoftware\Sandcastle Help File Builder\PresentationStyles\VS2013\styles\branding-it-IT.css -&gt; C:\Jenkins\Build\workspace\Unvired_Kernel_4.0_Windows10\Sandcastle\Help\Working\Output\Website\styles\branding-it-IT.css
C:\Program Files (x86)\EWSoftware\Sandcastle Help File Builder\PresentationStyles\VS2013\styles\branding-ja-JP.css -&gt; C:\Jenkins\Build\workspace\Unvired_Kernel_4.0_Windows10\Sandcastle\Help\Working\Output\Website\styles\branding-ja-JP.css
C:\Program Files (x86)\EWSoftware\Sandcastle Help File Builder\PresentationStyles\VS2013\styles\branding-ko-KR.css -&gt; C:\Jenkins\Build\workspace\Unvired_Kernel_4.0_Windows10\Sandcastle\Help\Working\Output\Website\styles\branding-ko-KR.css
C:\Program Files (x86)\EWSoftware\Sandcastle Help File Builder\PresentationStyles\VS2013\styles\branding-pl-PL.css -&gt; C:\Jenkins\Build\workspace\Unvired_Kernel_4.0_Windows10\Sandcastle\Help\Working\Output\Website\styles\branding-pl-PL.css
C:\Program Files (x86)\EWSoftware\Sandcastle Help File Builder\PresentationStyles\VS2013\styles\branding-pt-BR.css -&gt; C:\Jenkins\Build\workspace\Unvired_Kernel_4.0_Windows10\Sandcastle\Help\Working\Output\Website\styles\branding-pt-BR.css
C:\Program Files (x86)\EWSoftware\Sandcastle Help File Builder\PresentationStyles\VS2013\styles\branding-ru-RU.css -&gt; C:\Jenkins\Build\workspace\Unvired_Kernel_4.0_Windows10\Sandcastle\Help\Working\Output\Website\styles\branding-ru-RU.css
C:\Program Files (x86)\EWSoftware\Sandcastle Help File Builder\PresentationStyles\VS2013\styles\branding-tr-TR.css -&gt; C:\Jenkins\Build\workspace\Unvired_Kernel_4.0_Windows10\Sandcastle\Help\Working\Output\Website\styles\branding-tr-TR.css
C:\Program Files (x86)\EWSoftware\Sandcastle Help File Builder\PresentationStyles\VS2013\styles\branding-Website.css -&gt; C:\Jenkins\Build\workspace\Unvired_Kernel_4.0_Windows10\Sandcastle\Help\Working\Output\Website\styles\branding-Website.css
C:\Program Files (x86)\EWSoftware\Sandcastle Help File Builder\PresentationStyles\VS2013\styles\branding-zh-CN.css -&gt; C:\Jenkins\Build\workspace\Unvired_Kernel_4.0_Windows10\Sandcastle\Help\Working\Output\Website\styles\branding-zh-CN.css
C:\Program Files (x86)\EWSoftware\Sandcastle Help File Builder\PresentationStyles\VS2013\styles\branding-zh-TW.css -&gt; C:\Jenkins\Build\workspace\Unvired_Kernel_4.0_Windows10\Sandcastle\Help\Working\Output\Website\styles\branding-zh-TW.css
C:\Program Files (x86)\EWSoftware\Sandcastle Help File Builder\PresentationStyles\VS2013\styles\branding.css -&gt; C:\Jenkins\Build\workspace\Unvired_Kernel_4.0_Windows10\Sandcastle\Help\Working\Output\Website\styles\branding.css
C:\Program Files (x86)\EWSoftware\Sandcastle Help File Builder\PresentationStyles\VS2013\Web\index.html -&gt; C:\Jenkins\Build\workspace\Unvired_Kernel_4.0_Windows10\Sandcastle\Help\Working\Output\Website\index.html
C:\Program Files (x86)\EWSoftware\Sandcastle Help File Builder\PresentationStyles\VS2013\Web\search.html -&gt; C:\Jenkins\Build\workspace\Unvired_Kernel_4.0_Windows10\Sandcastle\Help\Working\Output\Website\search.html
C:\Program Files (x86)\EWSoftware\Sandcastle Help File Builder\PresentationStyles\VS2013\Web\SearchHelp.aspx -&gt; C:\Jenkins\Build\workspace\Unvired_Kernel_4.0_Windows10\Sandcastle\Help\Working\Output\Website\SearchHelp.aspx
C:\Program Files (x86)\EWSoftware\Sandcastle Help File Builder\PresentationStyles\VS2013\Web\SearchHelp.inc.php -&gt; C:\Jenkins\Build\workspace\Unvired_Kernel_4.0_Windows10\Sandcastle\Help\Working\Output\Website\SearchHelp.inc.php
C:\Program Files (x86)\EWSoftware\Sandcastle Help File Builder\PresentationStyles\VS2013\Web\SearchHelp.php -&gt; C:\Jenkins\Build\workspace\Unvired_Kernel_4.0_Windows10\Sandcastle\Help\Working\Output\Website\SearchHelp.php
C:\Program Files (x86)\EWSoftware\Sandcastle Help File Builder\PresentationStyles\VS2013\Web\Web.Config -&gt; C:\Jenkins\Build\workspace\Unvired_Kernel_4.0_Windows10\Sandcastle\Help\Working\Output\Website\Web.Config
C:\Program Files (x86)\EWSoftware\Sandcastle Help File Builder\PresentationStyles\VS2013\Web\html\GeneralError.htm -&gt; C:\Jenkins\Build\workspace\Unvired_Kernel_4.0_Windows10\Sandcastle\Help\Working\Output\Website\html\GeneralError.htm
C:\Program Files (x86)\EWSoftware\Sandcastle Help File Builder\PresentationStyles\VS2013\Web\html\PageNotFound.htm -&gt; C:\Jenkins\Build\workspace\Unvired_Kernel_4.0_Windows10\Sandcastle\Help\Working\Output\Website\html\PageNotFound.htm
C:\Program Files (x86)\EWSoftware\Sandcastle Help File Builder\PresentationStyles\VS2013\Web\icons\Search.png -&gt; C:\Jenkins\Build\workspace\Unvired_Kernel_4.0_Windows10\Sandcastle\Help\Working\Output\Website\icons\Search.png
C:\Program Files (x86)\EWSoftware\Sandcastle Help File Builder\PresentationStyles\VS2013\Web\icons\TocClose.gif -&gt; C:\Jenkins\Build\workspace\Unvired_Kernel_4.0_Windows10\Sandcastle\Help\Working\Output\Website\icons\TocClose.gif
C:\Program Files (x86)\EWSoftware\Sandcastle Help File Builder\PresentationStyles\VS2013\Web\icons\TocCollapsed.gif -&gt; C:\Jenkins\Build\workspace\Unvired_Kernel_4.0_Windows10\Sandcastle\Help\Working\Output\Website\icons\TocCollapsed.gif
C:\Program Files (x86)\EWSoftware\Sandcastle Help File Builder\PresentationStyles\VS2013\Web\icons\TocExpanded.gif -&gt; C:\Jenkins\Build\workspace\Unvired_Kernel_4.0_Windows10\Sandcastle\Help\Working\Output\Website\icons\TocExpanded.gif
C:\Program Files (x86)\EWSoftware\Sandcastle Help File Builder\PresentationStyles\VS2013\Web\icons\TocOpen.gif -&gt; C:\Jenkins\Build\workspace\Unvired_Kernel_4.0_Windows10\Sandcastle\Help\Working\Output\Website\icons\TocOpen.gif
C:\Program Files (x86)\EWSoftware\Sandcastle Help File Builder\PresentationStyles\VS2013\Web\scripts\branding-Website.js -&gt; C:\Jenkins\Build\workspace\Unvired_Kernel_4.0_Windows10\Sandcastle\Help\Working\Output\Website\scripts\branding-Website.js
C:\Program Files (x86)\EWSoftware\Sandcastle Help File Builder\PresentationStyles\VS2013\Web\scripts\clipboard.min.js -&gt; C:\Jenkins\Build\workspace\Unvired_Kernel_4.0_Windows10\Sandcastle\Help\Working\Output\Website\scripts\clipboard.min.js
C:\Program Files (x86)\EWSoftware\Sandcastle Help File Builder\PresentationStyles\VS2013\Web\scripts\jquery-3.3.1.min.js -&gt; C:\Jenkins\Build\workspace\Unvired_Kernel_4.0_Windows10\Sandcastle\Help\Working\Output\Website\scripts\jquery-3.3.1.min.js
    Last step completed in 00:00:02.6018
</buildStep>
<buildStep step="GenerateHelpFormatTableOfContents">
Generating website table of contents file...
    Last step completed in 00:00:00.0010
</buildStep>
<buildStep step="GenerateFullTextIndex">
Generating full-text index for the website...

<plugIn name="Lightweight Website Style" behavior="After" priority="1000">
Adding lightweight search and TOC elements to each topic...
</plugIn>    Last step completed in 00:00:02.3319
</buildStep>
<buildStep step="CopyingWebsiteFiles">
Copying website files to output folder...

Copied 500 files
Copied 1000 files
Copied 1500 files
Copied 1785 files for the website content
    Last step completed in 00:00:04.9527
</buildStep>
<buildStep step="CleanIntermediates">
Removing intermediate files...
    Last step completed in 00:00:05.4246
</buildStep>
<buildStep step="Completed">

Build completed successfully at 10/26/2019 1:51:09 PM.  Total time: 00:01:00.8492

</buildStep>
</shfbBuild>
